TN:
SF:src/index.js
FN:5,readFile
FN:12,checkElement
FN:21,genDiff
FNF:3
FNH:3
FNDA:2,readFile
FNDA:5,checkElement
FNDA:1,genDiff
DA:1,1
DA:2,1
DA:3,1
DA:4,1
DA:5,1
DA:6,2
DA:7,2
DA:8,2
DA:9,2
DA:10,2
DA:11,1
DA:12,1
DA:13,5
DA:14,5
DA:15,2
DA:16,5
DA:17,1
DA:18,1
DA:19,1
DA:20,1
DA:21,1
DA:22,1
DA:23,1
DA:24,1
DA:25,1
DA:26,1
DA:27,1
DA:28,1
DA:29,5
DA:30,5
DA:31,5
DA:32,1
DA:33,1
DA:34,1
DA:35,1
DA:36,1
DA:37,1
DA:38,1
DA:39,1
DA:40,1
DA:41,1
LF:41
LH:41
BRDA:5,0,0,2
BRDA:12,1,0,5
BRDA:13,2,0,1
BRDA:13,3,0,4
BRDA:14,4,0,2
BRDA:16,5,0,1
BRDA:21,6,0,1
BRDA:28,7,0,5
BRF:8
BRH:8
end_of_record
